---------------------------------
--- Parameters ------------------
---------------------------------
Ra = 1.005
Er = 1.0
Re = 0.0136
NX = 32
NY = 32
height = 20.0
width = 20.0
T0 = 1.0
d0 = 1e-12
timestep = 0.01
trust radius = 0.1
---------------------------------

Initial error = 0.0029075276888038053,    T = 1.0,    d = 1e-12
Iteration = 1,  error = 0.00260259863108196,    T = 0.9355841791489881,    d = 1.0000494875083008e-12,    trust radius = 0.1
Iteration = 2,  error = 0.00033722207169112876,    T = 0.9364185880677847,    d = 9.999595897191706e-13,    trust radius = 0.1
Iteration = 3,  error = 9.328873653179571e-07,    T = 0.9364234221169864,    d = 9.999571925019334e-13,    trust radius = 0.1
Iteration = 4,  error = 3.100263267126022e-08,    T = 0.9364233282849013,    d = 9.99950568850402e-13,    trust radius = 0.1
Iteration = 5,  error = 2.2436420376812303e-08,    T = 0.9364233297370501,    d = 9.999454844459543e-13,    trust radius = 0.1
Iteration = 6,  error = 1.6254575521467932e-08,    T = 0.9364233284524439,    d = 9.998689490940606e-13,    trust radius = 0.1
Iteration = 7,  error = 1.1735598185372424e-08,    T = 0.9364233259129888,    d = 9.994285811115203e-13,    trust radius = 0.1
Iteration = 8,  error = 8.00422277130888e-09,    T = 0.936423324516519,    d = 9.994892925719765e-13,    trust radius = 0.1
Iteration = 9,  error = 6.120055001541777e-09,    T = 0.9364233313361312,    d = 9.994797775264519e-13,    trust radius = 0.1
Iteration = 10,  error = 4.754115018178587e-09,    T = 0.9364233313694692,    d = 9.99478552433373e-13,    trust radius = 0.1
Iteration = 11,  error = 3.730699367865205e-09,    T = 0.9364233308318124,    d = 9.994842309131357e-13,    trust radius = 0.1
Iteration = 12,  error = 2.9280865340493804e-09,    T = 0.9364233311367491,    d = 9.994831616028559e-13,    trust radius = 0.1
Iteration = 13,  error = 2.298591898112934e-09,    T = 0.9364233319248534,    d = 9.994810826311464e-13,    trust radius = 0.1
Iteration = 14,  error = 1.8104383005217017e-09,    T = 0.9364233322077875,    d = 9.994799406458281e-13,    trust radius = 0.1
Iteration = 15,  error = 1.4317548826989954e-09,    T = 0.9364233321758219,    d = 9.994795632447366e-13,    trust radius = 0.1
Iteration = 16,  error = 1.133426344907742e-09,    T = 0.9364233322268372,    d = 9.994787251892448e-13,    trust radius = 0.1
Iteration = 17,  error = 9.030157530163057e-10,    T = 0.936423332220008,    d = 9.99478421937762e-13,    trust radius = 0.1
Iteration = 18,  error = 7.209709081165698e-10,    T = 0.936423332213419,    d = 9.994784084069562e-13,    trust radius = 0.1
Iteration = 19,  error = 5.758714036002629e-10,    T = 0.9364233322382898,    d = 9.99477884508572e-13,    trust radius = 0.1
Iteration = 20,  error = 4.590694869445736e-10,    T = 0.9364233325504132,    d = 9.994707241668944e-13,    trust radius = 0.1
Iteration = 21,  error = 3.647862185667892e-10,    T = 0.9364233325958572,    d = 9.994704915503772e-13,    trust radius = 0.1
Iteration = 22,  error = 2.9127362652322134e-10,    T = 0.9364233325881006,    d = 9.994702650762358e-13,    trust radius = 0.1
Iteration = 23,  error = 2.3268723553880023e-10,    T = 0.9364233326403449,    d = 9.994696109381802e-13,    trust radius = 0.1
Iteration = 24,  error = 1.855096026164097e-10,    T = 0.9364233326149676,    d = 9.994693925278189e-13,    trust radius = 0.1
Iteration = 25,  error = 1.475277068719544e-10,    T = 0.9364233327157419,    d = 9.994687144127756e-13,    trust radius = 0.1
Iteration = 26,  error = 1.1730840623504278e-10,    T = 0.9364233326885317,    d = 9.994686492236753e-13,    trust radius = 0.1
Iteration = 27,  error = 9.359414427701743e-11,    T = 0.9364233326761049,    d = 9.994685801851354e-13,    trust radius = 0.1
Tolerance threshold reached.
Iteration = 27,  error = 9.359414427701743e-11,    T = 0.9364233326761049,    d = 9.994685801851354e-13,    Linear system error = 4.611137309690882e-21,    trust radius = 0.1
Newton solver runtime = 1248.628190022
Solver converged with tolerance 9.359414427701743e-11
Time: 1248.646177374 seconds